<?xml version="1.0" encoding="UTF-8"?>
<!-- Generated by org.testng.reporters.JUnitReportReporter -->
<testsuite hostname="DESKTOP-6BJ2N4F" failures="0" tests="1" name="com.miniProj.testCases.TC_AddCustomer_003" time="29.944" errors="0" timestamp="2020-12-22T20:07:26 IST" skipped="0">
  <testcase classname="com.miniProj.testCases.TC_AddCustomer_003" name="addcustomer" time="29.944"/>
  <system-out/>
</testsuite> <!-- com.miniProj.testCases.TC_AddCustomer_003 -->
