<?xml version="1.0" encoding="UTF-8"?>
<!-- Generated by org.testng.reporters.JUnitReportReporter -->
<testsuite hostname="DESKTOP-6BJ2N4F" failures="0" tests="1" name="com.miniProj.testCases.TC_LoginTestCase_001" time="27.428" errors="0" timestamp="2020-12-20T22:56:32 IST" skipped="0">
  <testcase classname="com.miniProj.testCases.TC_LoginTestCase_001" name="loginTest" time="27.428"/>
  <system-out/>
</testsuite> <!-- com.miniProj.testCases.TC_LoginTestCase_001 -->
