<?xml version="1.0" encoding="UTF-8"?>
<!-- Generated by org.testng.reporters.JUnitReportReporter -->
<testsuite hostname="DESKTOP-6BJ2N4F" failures="0" tests="1" name="com.miniProj.testCases.TC_AddCustomer_003" time="33.834" errors="0" timestamp="2020-12-23T00:16:51 IST" skipped="0">
  <testcase classname="com.miniProj.testCases.TC_AddCustomer_003" name="addcustomer" time="33.834"/>
  <system-out/>
</testsuite> <!-- com.miniProj.testCases.TC_AddCustomer_003 -->
